This file contains any messages produced by compilers while
running configure, to aid debugging if configure makes a mistake.

It was created by configure, which was
generated by GNU Autoconf 2.52.20081225.  Invocation command line was

  $ ./configure --host=arm-linux

## ---------- ##
## Platform.  ##
## ---------- ##

hostname = smalik-laptop
uname -m = x86_64
uname -r = 3.1.6-1.fc16.x86_64
uname -s = Linux
uname -v = #1 SMP Wed Dec 21 22:41:17 UTC 2011

/usr/bin/uname -p = unknown
/bin/uname -X     = unknown

/bin/arch              = x86_64
/usr/bin/arch -k       = unknown
/usr/convex/getsysinfo = unknown
hostinfo               = unknown
/bin/machine           = unknown
/usr/bin/oslevel       = unknown
/bin/universe          = unknown

PATH = /home/smalik/Downloads/firefox:/home/smalik/Downloads/jazz/scmtools/eclipse:/home/smalik/Downloads/firefox:/home/smalik/Downloads/jazz/scmtools/eclipse:/usr/local/bin:/bin:/usr/bin:/usr/local/sbin:/usr/sbin:/sbin:/opt/lodev3.5//program:/opt/ibm/c4eb/bin:/home/smalik/bin:/usr/kerberos/bin:/home/smalik/arm-gcc/opt/FriendlyARM/toolschain/4.4.3/bin:/home/smalik/arm-gcc/opt/FriendlyARM/toolschain/4.4.3/bin

## ------------ ##
## Core tests.  ##
## ------------ ##

configure:1077: PATH=".;."; conftest.sh
./configure: line 1078: conftest.sh: command not found
configure:1080: $? = 127
configure:1129: checking build system type
configure:1147: result: x86_64-unknown-linux-gnu
configure:1154: checking host system type
configure:1168: result: arm-unknown-linux-gnu
configure:1176: checking target system type
configure:1190: result: arm-unknown-linux-gnu
configure:1221: result: Configuring for linux-gnu
configure:1244: checking for DESTDIR
configure:1289: result: 
configure:1308: checking for arm-linux-gcc
configure:1323: found /home/smalik/arm-gcc/opt/FriendlyARM/toolschain/4.4.3/bin/arm-linux-gcc
configure:1331: result: arm-linux-gcc
configure:1594: checking for C compiler version
configure:1597: arm-linux-gcc --version </dev/null >&5
.arm-none-linux-gnueabi-gcc (ctng-1.6.1) 4.4.3
Copyright (C) 2010 Free Software Foundation, Inc.
This is free software; see the source for copying conditions.  There is NO
warranty; not even for MERCHANTABILITY or FITNESS FOR A PARTICULAR PURPOSE.

configure:1600: $? = 0
configure:1602: arm-linux-gcc -v </dev/null >&5
Using built-in specs.
Target: arm-none-linux-gnueabi
Configured with: /opt/FriendlyARM/mini2440/build-toolschain/working/src/gcc-4.4.3/configure --build=i386-build_redhat-linux-gnu --host=i386-build_redhat-linux-gnu --target=arm-none-linux-gnueabi --prefix=/opt/FriendlyARM/toolschain/4.4.3 --with-sysroot=/opt/FriendlyARM/toolschain/4.4.3/arm-none-linux-gnueabi//sys-root --enable-languages=c,c++ --disable-multilib --with-arch=armv4t --with-cpu=arm920t --with-tune=arm920t --with-float=soft --with-pkgversion=ctng-1.6.1 --disable-sjlj-exceptions --enable-__cxa_atexit --with-gmp=/opt/FriendlyARM/toolschain/4.4.3 --with-mpfr=/opt/FriendlyARM/toolschain/4.4.3 --with-ppl=/opt/FriendlyARM/toolschain/4.4.3 --with-cloog=/opt/FriendlyARM/toolschain/4.4.3 --with-mpc=/opt/FriendlyARM/toolschain/4.4.3 --with-local-prefix=/opt/FriendlyARM/toolschain/4.4.3/arm-none-linux-gnueabi//sys-root --disable-nls --enable-threads=posix --enable-symvers=gnu --enable-c99 --enable-long-long --enable-target-optspace
Thread model: posix
gcc version 4.4.3 (ctng-1.6.1) 
configure:1605: $? = 0
configure:1607: arm-linux-gcc -V </dev/null >&5
.arm-none-linux-gnueabi-gcc: '-V' option must have argument
configure:1610: $? = 1
configure:1630: checking for C compiler default output
configure:1633: arm-linux-gcc    conftest.c  >&5
configure:1636: $? = 0
configure:1665: result: a.out
configure:1670: checking whether the C compiler works
configure:1676: ./a.out
./configure: line 1677: ./a.out: cannot execute binary file
configure:1679: $? = 126
configure:1694: result: yes
configure:1701: checking whether we are cross compiling
configure:1703: result: yes
configure:1706: checking for executable suffix
configure:1708: arm-linux-gcc -o conftest    conftest.c  >&5
configure:1711: $? = 0
configure:1733: result: 
configure:1739: checking for object suffix
configure:1757: arm-linux-gcc -c   conftest.c >&5
configure:1760: $? = 0
configure:1779: result: o
configure:1783: checking whether we are using the GNU C compiler
configure:1804: arm-linux-gcc -c   conftest.c >&5
configure:1807: $? = 0
configure:1810: test -s conftest.o
configure:1813: $? = 0
configure:1825: result: yes
configure:1831: checking whether arm-linux-gcc accepts -g
configure:1849: arm-linux-gcc -c -g  conftest.c >&5
configure:1852: $? = 0
configure:1855: test -s conftest.o
configure:1858: $? = 0
configure:1868: result: yes
configure:1895: arm-linux-gcc -c -g -O2  conftest.c >&5
conftest.c:2: error: expected '=', ',', ';', 'asm' or '__attribute__' before 'me'
configure:1898: $? = 1
configure: failed program was:
#ifndef __cplusplus
  choke me
#endif
configure:2003: checking how to run the C preprocessor
configure:2029: arm-linux-gcc -E  conftest.c
configure:2035: $? = 0
configure:2062: arm-linux-gcc -E  conftest.c
configure:2059:28: error: ac_nonexistent.h: No such file or directory
configure:2068: $? = 1
configure: failed program was:
#line 2058 "configure"
#include "confdefs.h"
#include <ac_nonexistent.h>
configure:2105: result: arm-linux-gcc -E
configure:2120: arm-linux-gcc -E  conftest.c
configure:2126: $? = 0
configure:2153: arm-linux-gcc -E  conftest.c
configure:2150:28: error: ac_nonexistent.h: No such file or directory
configure:2159: $? = 1
configure: failed program was:
#line 2149 "configure"
#include "confdefs.h"
#include <ac_nonexistent.h>
configure:2199: checking whether ln -s works
configure:2203: result: yes
configure:2219: checking whether make sets ${MAKE}
configure:2239: result: yes
configure:2260: checking for a BSD compatible install
configure:2309: result: /usr/bin/install -c
configure:2324: checking for bison
configure:2339: found /usr/bin/bison
configure:2347: result: bison -y
configure:2362: checking for lint
configure:2388: result: no
configure:2362: checking for alint
configure:2388: result: no
configure:2362: checking for lclint
configure:2388: result: no
configure:2362: checking for tdlint
configure:2388: result: no
configure:2395: checking for AIX
configure:2414: result: no
configure:2419: checking for POSIXized ISC
configure:2438: result: no
configure:2479: checking for gcc
configure:2494: found /usr/bin/gcc
configure:2502: result: gcc
configure:2513: checking for native build C compiler
configure:2515: result: gcc
configure:2518: checking for native build C preprocessor
configure:2528: result: ${BUILD_CC} -E
configure:2531: checking for native build C flags
configure:2539: result: 
configure:2542: checking for native build C preprocessor-flags
configure:2550: result: #
configure:2553: checking for native build linker-flags
configure:2561: result: 
configure:2564: checking for native build linker-libraries
configure:2572: result: 
configure:2603: checking for arm-linux-ranlib
configure:2618: found /home/smalik/arm-gcc/opt/FriendlyARM/toolschain/4.4.3/bin/arm-linux-ranlib
configure:2626: result: arm-linux-ranlib
configure:2677: checking for arm-linux-ar
configure:2692: found /home/smalik/arm-gcc/opt/FriendlyARM/toolschain/4.4.3/bin/arm-linux-ar
configure:2700: result: arm-linux-ar
configure:2748: checking for options to update archives
configure:2764: arm-linux-gcc -c -g -O2  conftest.c >&5
configure:2767: $? = 0
configure:2785: result: -curv
configure:2791: checking if you want to see long compiling messages
configure:2825: result: yes
configure:2835: checking if you want to check memory-leaks
configure:2852: result: no
configure:2861: checking if you want to enable debug-code
configure:2878: result: no
configure:2903: checking if you want to enable lynx trace code *recommended* 
configure:2920: result: yes
configure:2926: checking if you want verbose trace code
configure:2943: result: no
configure:2951: checking if you want to turn on gcc warnings
configure:2968: result: no
configure:3211: checking if you want to use dbmalloc for testing
configure:3227: result: no
configure:3412: checking if you want to use dmalloc for testing
configure:3428: result: no
configure:3617: checking for arm-linux-gcc option to accept ANSI C
configure:3674: arm-linux-gcc  -c -O2  conftest.c >&5
configure:3677: $? = 0
configure:3680: test -s conftest.o
configure:3683: $? = 0
configure:3700: result: none needed
configure:3708: checking for an ANSI C-conforming const
configure:3772: arm-linux-gcc -c -O2  conftest.c >&5
configure:3775: $? = 0
configure:3778: test -s conftest.o
configure:3781: $? = 0
configure:3791: result: yes
configure:4218: checking for arm-linux-gcc option to accept ANSI C
configure:4333: arm-linux-gcc -c -O2   -DCC_HAS_PROTOS conftest.c >&5
configure:4336: $? = 0
configure:4339: test -s conftest.o
configure:4342: $? = 0
configure:4355: result: -DCC_HAS_PROTOS
configure:4458: checking for special C compiler options needed for large files
configure:4532: result: no
configure:4538: checking for _FILE_OFFSET_BITS value needed for large files
configure:4566: arm-linux-gcc -c -O2  conftest.c >&5
configure:4553: warning: left shift count >= width of type
configure:4553: warning: left shift count >= width of type
configure:4555: error: size of array 'off_t_is_large' is negative
configure:4569: $? = 1
configure: failed program was:
#line 4546 "configure"
#include "confdefs.h"
#include <sys/types.h>
 /* Check that off_t can represent 2**63 - 1 correctly.
    We can't simply define LARGE_OFF_T to be 9223372036854775807,
    since some C++ compilers masquerading as C compilers
    incorrectly reject 9223372036854775807.  */
#define LARGE_OFF_T (((off_t) 1 << 62) - 1 + ((off_t) 1 << 62))
  int off_t_is_large[(LARGE_OFF_T % 2147483629 == 721
		       && LARGE_OFF_T % 2147483647 == 1)
		      ? 1 : -1];
int
main ()
{

  ;
  return 0;
}
configure:4605: arm-linux-gcc -c -O2  conftest.c >&5
configure:4608: $? = 0
configure:4611: test -s conftest.o
configure:4614: $? = 0
configure:4625: result: 64
configure:4635: checking for _LARGE_FILES value needed for large files
configure:4663: arm-linux-gcc -c -O2  conftest.c >&5
configure:4666: $? = 0
configure:4669: test -s conftest.o
configure:4672: $? = 0
configure:4722: result: no
configure:4735: checking for _LARGEFILE_SOURCE value needed for large files
configure:4755: arm-linux-gcc -c -O2  conftest.c >&5
configure:4758: $? = 0
configure:4761: test -s conftest.o
configure:4764: $? = 0
configure:4806: result: no
configure:4820: checking for fseeko
configure:4838: arm-linux-gcc -o conftest -O2   conftest.c  >&5
configure:4841: $? = 0
configure:4844: test -s conftest
configure:4847: $? = 0
configure:4857: result: yes
configure:4878: checking whether to use struct dirent64
configure:4906: arm-linux-gcc -c -O2  -D_FILE_OFFSET_BITS=64  conftest.c >&5
configure: In function 'main':
configure:4895: error: conflicting types for 'readdir'
/home/smalik/arm-gcc/opt/FriendlyARM/toolschain/4.4.3/bin/../arm-none-linux-gnueabi//sys-root/usr/include/dirent.h:166: note: previous declaration of 'readdir' was here
configure:4897: warning: initialization from incompatible pointer type
configure:4898: error: invalid operands to binary - (have 'struct dirent64 *' and 'struct dirent *')
configure:4909: $? = 1
configure: failed program was:
#line 4885 "configure"
#include "confdefs.h"

#include <sys/types.h>
#include <dirent.h>

int
main ()
{

		/* if transitional largefile support is setup, this is true */
		extern struct dirent64 * readdir(DIR *);
		struct dirent64 *x = readdir((DIR *)0);
		struct dirent *y = readdir((DIR *)0);
		int z = x - y;

  ;
  return 0;
}
configure:4926: result: no
configure:4945: checking for msginit
configure:4972: result: /usr/bin/msginit
configure:4982: testing adding en.po ...
configure:4991: checking for arm-linux-ranlib
configure:5014: result: arm-linux-ranlib
configure:5062: checking for ANSI C header files
configure:5076: arm-linux-gcc -E  -D_FILE_OFFSET_BITS=64  conftest.c
configure:5082: $? = 0
configure:5190: result: yes
configure:5200: checking for inline
configure:5217: arm-linux-gcc -c -O2  -D_FILE_OFFSET_BITS=64  conftest.c >&5
configure:5220: $? = 0
configure:5223: test -s conftest.o
configure:5226: $? = 0
configure:5237: result: inline
configure:5258: checking for sys/types.h
configure:5270: arm-linux-gcc -c -O2  -D_FILE_OFFSET_BITS=64  conftest.c >&5
configure:5273: $? = 0
configure:5276: test -s conftest.o
configure:5279: $? = 0
configure:5289: result: yes
configure:5258: checking for sys/stat.h
configure:5270: arm-linux-gcc -c -O2  -D_FILE_OFFSET_BITS=64  conftest.c >&5
configure:5273: $? = 0
configure:5276: test -s conftest.o
configure:5279: $? = 0
configure:5289: result: yes
configure:5258: checking for stdlib.h
configure:5270: arm-linux-gcc -c -O2  -D_FILE_OFFSET_BITS=64  conftest.c >&5
configure:5273: $? = 0
configure:5276: test -s conftest.o
configure:5279: $? = 0
configure:5289: result: yes
configure:5258: checking for string.h
configure:5270: arm-linux-gcc -c -O2  -D_FILE_OFFSET_BITS=64  conftest.c >&5
configure:5273: $? = 0
configure:5276: test -s conftest.o
configure:5279: $? = 0
configure:5289: result: yes
configure:5258: checking for memory.h
configure:5270: arm-linux-gcc -c -O2  -D_FILE_OFFSET_BITS=64  conftest.c >&5
configure:5273: $? = 0
configure:5276: test -s conftest.o
configure:5279: $? = 0
configure:5289: result: yes
configure:5258: checking for strings.h
configure:5270: arm-linux-gcc -c -O2  -D_FILE_OFFSET_BITS=64  conftest.c >&5
configure:5273: $? = 0
configure:5276: test -s conftest.o
configure:5279: $? = 0
configure:5289: result: yes
configure:5258: checking for inttypes.h
configure:5270: arm-linux-gcc -c -O2  -D_FILE_OFFSET_BITS=64  conftest.c >&5
configure:5273: $? = 0
configure:5276: test -s conftest.o
configure:5279: $? = 0
configure:5289: result: yes
configure:5258: checking for stdint.h
configure:5270: arm-linux-gcc -c -O2  -D_FILE_OFFSET_BITS=64  conftest.c >&5
configure:5273: $? = 0
configure:5276: test -s conftest.o
configure:5279: $? = 0
configure:5289: result: yes
configure:5258: checking for unistd.h
configure:5270: arm-linux-gcc -c -O2  -D_FILE_OFFSET_BITS=64  conftest.c >&5
configure:5273: $? = 0
configure:5276: test -s conftest.o
configure:5279: $? = 0
configure:5289: result: yes
configure:5299: checking for off_t
configure:5320: arm-linux-gcc -c -O2  -D_FILE_OFFSET_BITS=64  conftest.c >&5
configure:5323: $? = 0
configure:5326: test -s conftest.o
configure:5329: $? = 0
configure:5339: result: yes
configure:5351: checking for size_t
configure:5372: arm-linux-gcc -c -O2  -D_FILE_OFFSET_BITS=64  conftest.c >&5
configure:5375: $? = 0
configure:5378: test -s conftest.o
configure:5381: $? = 0
configure:5391: result: yes
configure:5405: checking for working alloca.h
configure:5423: arm-linux-gcc -o conftest -O2  -D_FILE_OFFSET_BITS=64   conftest.c  >&5
configure:5426: $? = 0
configure:5429: test -s conftest
configure:5432: $? = 0
configure:5442: result: yes
configure:5452: checking for alloca
configure:5490: arm-linux-gcc -o conftest -O2  -D_FILE_OFFSET_BITS=64   conftest.c  >&5
configure:5493: $? = 0
configure:5496: test -s conftest
configure:5499: $? = 0
configure:5509: result: yes
configure:5693: checking for stdlib.h
configure:5728: result: yes
configure:5693: checking for unistd.h
configure:5728: result: yes
configure:5741: checking for getpagesize
configure:5778: arm-linux-gcc -o conftest -O2  -D_FILE_OFFSET_BITS=64   conftest.c  >&5
configure:5781: $? = 0
configure:5784: test -s conftest
configure:5787: $? = 0
configure:5797: result: yes
configure:5807: checking for working mmap
configure:5963: result: no
configure:5974: checking whether we are using the GNU C Library 2.1 or newer
configure:6000: result: yes
configure:6024: checking for argz.h
configure:6034: arm-linux-gcc -E  -D_FILE_OFFSET_BITS=64  conftest.c
configure:6040: $? = 0
configure:6059: result: yes
configure:6024: checking for limits.h
configure:6034: arm-linux-gcc -E  -D_FILE_OFFSET_BITS=64  conftest.c
configure:6040: $? = 0
configure:6059: result: yes
configure:6024: checking for locale.h
configure:6034: arm-linux-gcc -E  -D_FILE_OFFSET_BITS=64  conftest.c
configure:6040: $? = 0
configure:6059: result: yes
configure:6024: checking for nl_types.h
configure:6034: arm-linux-gcc -E  -D_FILE_OFFSET_BITS=64  conftest.c
configure:6040: $? = 0
configure:6059: result: yes
configure:6024: checking for malloc.h
configure:6034: arm-linux-gcc -E  -D_FILE_OFFSET_BITS=64  conftest.c
configure:6040: $? = 0
configure:6059: result: yes
configure:6024: checking for stddef.h
configure:6034: arm-linux-gcc -E  -D_FILE_OFFSET_BITS=64  conftest.c
configure:6040: $? = 0
configure:6059: result: yes
configure:6024: checking for stdlib.h
configure:6059: result: yes
configure:6024: checking for string.h
configure:6059: result: yes
configure:6024: checking for unistd.h
configure:6059: result: yes
configure:6024: checking for sys/param.h
configure:6034: arm-linux-gcc -E  -D_FILE_OFFSET_BITS=64  conftest.c
configure:6040: $? = 0
configure:6059: result: yes
configure:6074: checking for feof_unlocked
configure:6111: arm-linux-gcc -o conftest -O2  -D_FILE_OFFSET_BITS=64   conftest.c  >&5
configure:6114: $? = 0
configure:6117: test -s conftest
configure:6120: $? = 0
configure:6130: result: yes
configure:6074: checking for fgets_unlocked
configure:6111: arm-linux-gcc -o conftest -O2  -D_FILE_OFFSET_BITS=64   conftest.c  >&5
configure:6114: $? = 0
configure:6117: test -s conftest
configure:6120: $? = 0
configure:6130: result: yes
configure:6074: checking for getcwd
configure:6111: arm-linux-gcc -o conftest -O2  -D_FILE_OFFSET_BITS=64   conftest.c  >&5
configure:6114: $? = 0
configure:6117: test -s conftest
configure:6120: $? = 0
configure:6130: result: yes
configure:6074: checking for getegid
configure:6111: arm-linux-gcc -o conftest -O2  -D_FILE_OFFSET_BITS=64   conftest.c  >&5
configure:6114: $? = 0
configure:6117: test -s conftest
configure:6120: $? = 0
configure:6130: result: yes
configure:6074: checking for geteuid
configure:6111: arm-linux-gcc -o conftest -O2  -D_FILE_OFFSET_BITS=64   conftest.c  >&5
configure:6114: $? = 0
configure:6117: test -s conftest
configure:6120: $? = 0
configure:6130: result: yes
configure:6074: checking for getgid
configure:6111: arm-linux-gcc -o conftest -O2  -D_FILE_OFFSET_BITS=64   conftest.c  >&5
configure:6114: $? = 0
configure:6117: test -s conftest
configure:6120: $? = 0
configure:6130: result: yes
configure:6074: checking for getuid
configure:6111: arm-linux-gcc -o conftest -O2  -D_FILE_OFFSET_BITS=64   conftest.c  >&5
configure:6114: $? = 0
configure:6117: test -s conftest
configure:6120: $? = 0
configure:6130: result: yes
configure:6074: checking for mempcpy
configure:6111: arm-linux-gcc -o conftest -O2  -D_FILE_OFFSET_BITS=64   conftest.c  >&5
configure:6090: warning: conflicting types for built-in function 'mempcpy'
configure:6114: $? = 0
configure:6117: test -s conftest
configure:6120: $? = 0
configure:6130: result: yes
configure:6074: checking for munmap
configure:6111: arm-linux-gcc -o conftest -O2  -D_FILE_OFFSET_BITS=64   conftest.c  >&5
configure:6114: $? = 0
configure:6117: test -s conftest
configure:6120: $? = 0
configure:6130: result: yes
configure:6074: checking for putenv
configure:6111: arm-linux-gcc -o conftest -O2  -D_FILE_OFFSET_BITS=64   conftest.c  >&5
configure:6114: $? = 0
configure:6117: test -s conftest
configure:6120: $? = 0
configure:6130: result: yes
configure:6074: checking for setenv
configure:6111: arm-linux-gcc -o conftest -O2  -D_FILE_OFFSET_BITS=64   conftest.c  >&5
configure:6114: $? = 0
configure:6117: test -s conftest
configure:6120: $? = 0
configure:6130: result: yes
configure:6074: checking for setlocale
configure:6111: arm-linux-gcc -o conftest -O2  -D_FILE_OFFSET_BITS=64   conftest.c  >&5
configure:6114: $? = 0
configure:6117: test -s conftest
configure:6120: $? = 0
configure:6130: result: yes
configure:6074: checking for stpcpy
configure:6111: arm-linux-gcc -o conftest -O2  -D_FILE_OFFSET_BITS=64   conftest.c  >&5
configure:6090: warning: conflicting types for built-in function 'stpcpy'
configure:6114: $? = 0
configure:6117: test -s conftest
configure:6120: $? = 0
configure:6130: result: yes
configure:6074: checking for strchr
configure:6111: arm-linux-gcc -o conftest -O2  -D_FILE_OFFSET_BITS=64   conftest.c  >&5
configure:6090: warning: conflicting types for built-in function 'strchr'
configure:6114: $? = 0
configure:6117: test -s conftest
configure:6120: $? = 0
configure:6130: result: yes
configure:6074: checking for strcasecmp
configure:6111: arm-linux-gcc -o conftest -O2  -D_FILE_OFFSET_BITS=64   conftest.c  >&5
configure:6090: warning: conflicting types for built-in function 'strcasecmp'
configure:6114: $? = 0
configure:6117: test -s conftest
configure:6120: $? = 0
configure:6130: result: yes
configure:6074: checking for strdup
configure:6111: arm-linux-gcc -o conftest -O2  -D_FILE_OFFSET_BITS=64   conftest.c  >&5
configure:6090: warning: conflicting types for built-in function 'strdup'
configure:6114: $? = 0
configure:6117: test -s conftest
configure:6120: $? = 0
configure:6130: result: yes
configure:6074: checking for strtoul
configure:6111: arm-linux-gcc -o conftest -O2  -D_FILE_OFFSET_BITS=64   conftest.c  >&5
configure:6114: $? = 0
configure:6117: test -s conftest
configure:6120: $? = 0
configure:6130: result: yes
configure:6074: checking for tsearch
configure:6111: arm-linux-gcc -o conftest -O2  -D_FILE_OFFSET_BITS=64   conftest.c  >&5
configure:6114: $? = 0
configure:6117: test -s conftest
configure:6120: $? = 0
configure:6130: result: yes
configure:6074: checking for __argz_count
configure:6111: arm-linux-gcc -o conftest -O2  -D_FILE_OFFSET_BITS=64   conftest.c  >&5
configure:6114: $? = 0
configure:6117: test -s conftest
configure:6120: $? = 0
configure:6130: result: yes
configure:6074: checking for __argz_stringify
configure:6111: arm-linux-gcc -o conftest -O2  -D_FILE_OFFSET_BITS=64   conftest.c  >&5
configure:6114: $? = 0
configure:6117: test -s conftest
configure:6120: $? = 0
configure:6130: result: yes
configure:6074: checking for __argz_next
configure:6111: arm-linux-gcc -o conftest -O2  -D_FILE_OFFSET_BITS=64   conftest.c  >&5
configure:6114: $? = 0
configure:6117: test -s conftest
configure:6120: $? = 0
configure:6130: result: yes
configure:6385: checking for iconv
configure:6396: testing Starting FIND_LINKAGE(iconv,) ...
configure:6418: arm-linux-gcc -o conftest -O2  -D_FILE_OFFSET_BITS=64   conftest.c  >&5
configure:6421: $? = 0
configure:6424: test -s conftest
configure:6427: $? = 0
configure:6774: result: yes
configure:6783: checking if the declaration of iconv() needs const.
configure:6815: arm-linux-gcc -c -O2  -D_FILE_OFFSET_BITS=64  conftest.c >&5
configure:6818: $? = 0
configure:6821: test -s conftest.o
configure:6824: $? = 0
configure:6834: result: no
configure:6962: checking for nl_langinfo and CODESET
configure:6980: arm-linux-gcc -o conftest -O2  -D_FILE_OFFSET_BITS=64   conftest.c  >&5
configure:6983: $? = 0
configure:6986: test -s conftest
configure:6989: $? = 0
configure:7000: result: yes
configure:7011: checking for LC_MESSAGES
configure:7029: arm-linux-gcc -o conftest -O2  -D_FILE_OFFSET_BITS=64   conftest.c  >&5
configure:7032: $? = 0
configure:7035: test -s conftest
configure:7038: $? = 0
configure:7048: result: yes
configure:7058: checking whether NLS is requested
configure:7068: result: no
configure:8274: checking if you want full utility pathnames
configure:8291: result: yes
configure:8297: checking for system mailer
configure:8317: result: /usr/sbin/sendmail
configure:8323: checking system mail flags
configure:8339: result: -t -oi
configure:8351: checking if arm-linux-gcc -U and -D options work together
configure:8379: arm-linux-gcc -c -O2 -UU_D_OPTIONS -DU_D_OPTIONS -DD_U_OPTIONS -UD_U_OPTIONS conftest.c >&5
configure:8382: $? = 0
configure:8385: test -s conftest.o
configure:8388: $? = 0
configure:8402: result: yes
configure:8428: checking if we must define _GNU_SOURCE
configure:8450: arm-linux-gcc -c -O2  -D_FILE_OFFSET_BITS=64  conftest.c >&5
configure: In function 'main':
configure:8442: error: 'make' undeclared (first use in this function)
configure:8442: error: (Each undeclared identifier is reported only once
configure:8442: error: for each function it appears in.)
configure:8442: error: expected ';' before 'an'
configure:8453: $? = 1
configure: failed program was:
#line 8435 "configure"
#include "confdefs.h"
#include <sys/types.h>
int
main ()
{

#ifndef _XOPEN_SOURCE
make an error
#endif
  ;
  return 0;
}
configure:8483: arm-linux-gcc -c -O2  -D_FILE_OFFSET_BITS=64  -D_GNU_SOURCE conftest.c >&5
configure: In function 'main':
configure:8475: error: 'make' undeclared (first use in this function)
configure:8475: error: (Each undeclared identifier is reported only once
configure:8475: error: for each function it appears in.)
configure:8475: error: expected ';' before 'an'
configure:8486: $? = 1
configure: failed program was:
#line 8468 "configure"
#include "confdefs.h"
#include <sys/types.h>
int
main ()
{

#ifdef _XOPEN_SOURCE
make an error
#endif
  ;
  return 0;
}
configure:8507: result: yes
configure:8801: checking if SIGWINCH is defined
configure:8823: arm-linux-gcc -c -O2  -D_FILE_OFFSET_BITS=64  -D_GNU_SOURCE conftest.c >&5
configure:8826: $? = 0
configure:8829: test -s conftest.o
configure:8832: $? = 0
configure:8880: result: yes
configure:8952: testing checking additions to CFLAGS ...
configure:9021: testing add to $CPPFLAGS  -DLINUX ...
configure:9082: checking if you want NSS compatible SSL libraries
configure:9097: result: no
configure:9100: checking if you want ssl library
configure:9115: result: no
configure:9118: checking if you want gnutls support
configure:9133: result: no
configure:9137: checking if you want gnutls-openssl compat
configure:9152: result: no
configure:9155: checking if you want socks library
configure:9170: result: no
configure:9173: checking if you want socks5 library
configure:9188: result: no
configure:10378: checking for network libraries
configure:10385: result: working...
configure:10507: checking for gethostname
configure:10544: arm-linux-gcc -o conftest -O2  -D_FILE_OFFSET_BITS=64  -D_GNU_SOURCE  -DLINUX  conftest.c  >&5
configure:10547: $? = 0
configure:10550: test -s conftest
configure:10553: $? = 0
configure:10563: result: yes
configure:10707: checking for main in -linet
configure:10727: arm-linux-gcc -o conftest -O2  -D_FILE_OFFSET_BITS=64  -D_GNU_SOURCE  -DLINUX  conftest.c -linet   >&5
/home/smalik/arm-gcc/opt/FriendlyARM/toolschain/4.4.3/bin/../lib/gcc/arm-none-linux-gnueabi/4.4.3/../../../../arm-none-linux-gnueabi/bin/ld: cannot find -linet
collect2: ld returned 1 exit status
configure:10730: $? = 1
configure: failed program was:
#line 10715 "configure"
#include "confdefs.h"

int
main ()
{
main ();
  ;
  return 0;
}
configure:10747: result: no
configure:10758: checking for socket
configure:10795: arm-linux-gcc -o conftest -O2  -D_FILE_OFFSET_BITS=64  -D_GNU_SOURCE  -DLINUX  conftest.c  >&5
configure:10798: $? = 0
configure:10801: test -s conftest
configure:10804: $? = 0
configure:10814: result: yes
configure:10963: checking for gethostbyname
configure:11000: arm-linux-gcc -o conftest -O2  -D_FILE_OFFSET_BITS=64  -D_GNU_SOURCE  -DLINUX  conftest.c  >&5
configure:11003: $? = 0
configure:11006: test -s conftest
configure:11009: $? = 0
configure:11019: result: yes
configure:11100: checking for strcasecmp
configure:11156: result: yes
configure:11253: checking for inet_aton function
configure:11276: arm-linux-gcc -o conftest -O2  -D_FILE_OFFSET_BITS=64  -D_GNU_SOURCE  -DLINUX  conftest.c   >&5
configure:11279: $? = 0
configure:11282: test -s conftest
configure:11285: $? = 0
configure:11295: result: yes
configure:11409: checking if you want to use pkg-config
configure:11419: result: yes
configure:11429: checking for pkg-config
configure:11446: found /usr/bin/pkg-config
configure:11458: result: /usr/bin/pkg-config
configure:14960: checking whether to enable ipv6
configure:14976: result: no
configure:15776: checking for screen type
configure:15799: result: curses
configure:15853: checking for extra include directories
configure:15873: result: no
configure:15877: checking if we have identified curses headers
configure:15903: arm-linux-gcc -c -O2  -D_FILE_OFFSET_BITS=64  -D_GNU_SOURCE  -DLINUX conftest.c >&5
configure:15892:20: error: curses.h: No such file or directory
configure:15906: $? = 1
configure: failed program was:
#line 15891 "configure"
#include "confdefs.h"
#include <curses.h>
int
main ()
{
initscr(); tgoto("?", 0,0)
  ;
  return 0;
}
configure:15903: arm-linux-gcc -c -O2  -D_FILE_OFFSET_BITS=64  -D_GNU_SOURCE  -DLINUX conftest.c >&5
configure:15892:21: error: ncurses.h: No such file or directory
configure:15906: $? = 1
configure: failed program was:
#line 15891 "configure"
#include "confdefs.h"
#include <ncurses.h>
int
main ()
{
initscr(); tgoto("?", 0,0)
  ;
  return 0;
}
configure:15903: arm-linux-gcc -c -O2  -D_FILE_OFFSET_BITS=64  -D_GNU_SOURCE  -DLINUX conftest.c >&5
configure:15892:28: error: ncurses/curses.h: No such file or directory
configure:15906: $? = 1
configure: failed program was:
#line 15891 "configure"
#include "confdefs.h"
#include <ncurses/curses.h>
int
main ()
{
initscr(); tgoto("?", 0,0)
  ;
  return 0;
}
configure:15903: arm-linux-gcc -c -O2  -D_FILE_OFFSET_BITS=64  -D_GNU_SOURCE  -DLINUX conftest.c >&5
configure:15892:29: error: ncurses/ncurses.h: No such file or directory
configure:15906: $? = 1
configure: failed program was:
#line 15891 "configure"
#include "confdefs.h"
#include <ncurses/ncurses.h>
int
main ()
{
initscr(); tgoto("?", 0,0)
  ;
  return 0;
}
configure:15923: result: none
configure:15927: error: No curses header-files found

## ----------------- ##
## Cache variables.  ##
## ----------------- ##

ac_cv_build=x86_64-unknown-linux-gnu
ac_cv_build_alias=x86_64-unknown-linux-gnu
ac_cv_c_compiler_gnu=yes
ac_cv_c_const=yes
ac_cv_c_inline=inline
ac_cv_env_CC_set=
ac_cv_env_CC_value=
ac_cv_env_CFLAGS_set=
ac_cv_env_CFLAGS_value=
ac_cv_env_CPPFLAGS_set=
ac_cv_env_CPPFLAGS_value=
ac_cv_env_CPP_set=
ac_cv_env_CPP_value=
ac_cv_env_LDFLAGS_set=
ac_cv_env_LDFLAGS_value=
ac_cv_env_build_alias_set=
ac_cv_env_build_alias_value=
ac_cv_env_host_alias_set=set
ac_cv_env_host_alias_value=arm-linux
ac_cv_env_target_alias_set=
ac_cv_env_target_alias_value=
ac_cv_func___argz_count=yes
ac_cv_func___argz_next=yes
ac_cv_func___argz_stringify=yes
ac_cv_func_alloca_works=yes
ac_cv_func_feof_unlocked=yes
ac_cv_func_fgets_unlocked=yes
ac_cv_func_fseeko=yes
ac_cv_func_getcwd=yes
ac_cv_func_getegid=yes
ac_cv_func_geteuid=yes
ac_cv_func_getgid=yes
ac_cv_func_gethostbyname=yes
ac_cv_func_gethostname=yes
ac_cv_func_getpagesize=yes
ac_cv_func_getuid=yes
ac_cv_func_mempcpy=yes
ac_cv_func_mmap_fixed_mapped=no
ac_cv_func_munmap=yes
ac_cv_func_putenv=yes
ac_cv_func_setenv=yes
ac_cv_func_setlocale=yes
ac_cv_func_socket=yes
ac_cv_func_stpcpy=yes
ac_cv_func_strcasecmp=yes
ac_cv_func_strchr=yes
ac_cv_func_strdup=yes
ac_cv_func_strtoul=yes
ac_cv_func_tsearch=yes
ac_cv_gnu_library_2_1=yes
ac_cv_header_argz_h=yes
ac_cv_header_inttypes_h=yes
ac_cv_header_limits_h=yes
ac_cv_header_locale_h=yes
ac_cv_header_malloc_h=yes
ac_cv_header_memory_h=yes
ac_cv_header_nl_types_h=yes
ac_cv_header_stdc=yes
ac_cv_header_stddef_h=yes
ac_cv_header_stdint_h=yes
ac_cv_header_stdlib_h=yes
ac_cv_header_string_h=yes
ac_cv_header_strings_h=yes
ac_cv_header_sys_param_h=yes
ac_cv_header_sys_stat_h=yes
ac_cv_header_sys_types_h=yes
ac_cv_header_unistd_h=yes
ac_cv_host=arm-unknown-linux-gnu
ac_cv_host_alias=arm-linux
ac_cv_lib_inet_main=no
ac_cv_objext=o
ac_cv_path_MSGINIT=/usr/bin/msginit
ac_cv_path_PKG_CONFIG=/usr/bin/pkg-config
ac_cv_path_install='/usr/bin/install -c'
ac_cv_prog_AR=arm-linux-ar
ac_cv_prog_BUILD_CC=gcc
ac_cv_prog_CC=arm-linux-gcc
ac_cv_prog_CPP='arm-linux-gcc -E'
ac_cv_prog_RANLIB=arm-linux-ranlib
ac_cv_prog_YACC='bison -y'
ac_cv_prog_cc_g=yes
ac_cv_prog_cc_stdc=
ac_cv_prog_make_make_set=yes
ac_cv_sys_file_offset_bits=64
ac_cv_sys_large_files=no
ac_cv_sys_largefile_CC=no
ac_cv_sys_largefile_source=no
ac_cv_target=arm-unknown-linux-gnu
ac_cv_target_alias=arm-linux
ac_cv_type_off_t=yes
ac_cv_type_size_t=yes
ac_cv_working_alloca_h=yes
am_cv_func_iconv=yes
am_cv_langinfo_codeset=yes
am_cv_proto_iconv_arg1=
am_cv_proto_iconv_const=no
am_cv_val_LC_MESSAGES=yes
cf_cv_SYSTEM_MAIL=/usr/sbin/sendmail
cf_cv_ansi_cc=-DCC_HAS_PROTOS
cf_cv_ar_flags=-curv
cf_cv_cc_u_d_options=yes
cf_cv_curses_dir=no
cf_cv_curses_incdir=no
cf_cv_define_sigwinch=yes
cf_cv_find_linkage_iconv=yes
cf_cv_gnu_source=yes
cf_cv_gnutls_compat=no
cf_cv_have_inet_aton=yes
cf_cv_header_path_iconv=
cf_cv_library_path_iconv=
cf_cv_ncurses_header=none
cf_cv_netlibs=
cf_cv_screen=curses
cf_cv_struct_dirent64=no
cf_cv_system_mail_flags='-t -oi'
cf_cv_system_name=linux-gnu
cf_cv_use_libgnutls=no
cf_cv_use_libnss_compat=no
cf_cv_use_libsocks=no
cf_cv_use_libsocks5=no
cf_cv_use_libssl=no
nls_cv_header_intl=
nls_cv_header_libgt=

## ------------ ##
## confdefs.h.  ##
## ------------ ##

#define SYSTEM_NAME "linux-gnu"
#define UNIX 1
#define CC_HAS_PROTOS 1
#define _FILE_OFFSET_BITS 64
#define HAVE_FSEEKO 1
#define STDC_HEADERS 1
#define HAVE_SYS_TYPES_H 1
#define HAVE_SYS_STAT_H 1
#define HAVE_STDLIB_H 1
#define HAVE_STRING_H 1
#define HAVE_MEMORY_H 1
#define HAVE_STRINGS_H 1
#define HAVE_INTTYPES_H 1
#define HAVE_STDINT_H 1
#define HAVE_UNISTD_H 1
#define HAVE_ALLOCA_H 1
#define HAVE_ALLOCA 1
#define HAVE_STDLIB_H 1
#define HAVE_UNISTD_H 1
#define HAVE_GETPAGESIZE 1
#define HAVE_ARGZ_H 1
#define HAVE_LIMITS_H 1
#define HAVE_LOCALE_H 1
#define HAVE_NL_TYPES_H 1
#define HAVE_MALLOC_H 1
#define HAVE_STDDEF_H 1
#define HAVE_STDLIB_H 1
#define HAVE_STRING_H 1
#define HAVE_UNISTD_H 1
#define HAVE_SYS_PARAM_H 1
#define HAVE_FEOF_UNLOCKED 1
#define HAVE_FGETS_UNLOCKED 1
#define HAVE_GETCWD 1
#define HAVE_GETEGID 1
#define HAVE_GETEUID 1
#define HAVE_GETGID 1
#define HAVE_GETUID 1
#define HAVE_MEMPCPY 1
#define HAVE_MUNMAP 1
#define HAVE_PUTENV 1
#define HAVE_SETENV 1
#define HAVE_SETLOCALE 1
#define HAVE_STPCPY 1
#define HAVE_STRCHR 1
#define HAVE_STRCASECMP 1
#define HAVE_STRDUP 1
#define HAVE_STRTOUL 1
#define HAVE_TSEARCH 1
#define HAVE___ARGZ_COUNT 1
#define HAVE___ARGZ_STRINGIFY 1
#define HAVE___ARGZ_NEXT 1
#define HAVE_ICONV 1
#define ICONV_CONST 
#define HAVE_LANGINFO_CODESET 1
#define HAVE_LC_MESSAGES 1
#define SYSTEM_MAIL "/usr/sbin/sendmail"
#define SYSTEM_MAIL_FLAGS "-t -oi"
#define HAVE_GETHOSTNAME 1
#define HAVE_SOCKET 1
#define HAVE_GETHOSTBYNAME 1
#define HAVE_STRCASECMP 1
#define HAVE_INET_ATON 1


configure: exit 1
